<?xml version="1.0" encoding="UTF-8"?>
<!-- Generated by org.testng.reporters.JUnitReportReporter -->
<testsuite skipped="0" hostname="frrosasf-MOBL" name="testCases.SearchingTextTestCase" tests="1" failures="0" timestamp="03 Nov 2017 19:16:19 GMT" time="9.114" errors="0">
  <testcase name="invalidLogin" time="9.114" classname="testCases.SearchingTextTestCase"/>
</testsuite> <!-- testCases.SearchingTextTestCase -->
