<?xml version="1.0" encoding="UTF-8"?>
<!-- Generated by org.testng.reporters.JUnitReportReporter -->
<testsuite skipped="0" hostname="frrosasf-MOBL" name="testCases.InvalidLoginTestCase" tests="1" failures="0" timestamp="03 Nov 2017 17:14:41 GMT" time="5.702" errors="0">
  <testcase name="invalidLogin" time="5.702" classname="testCases.InvalidLoginTestCase"/>
</testsuite> <!-- testCases.InvalidLoginTestCase -->
